<?xml version="1.0" encoding="UTF-8"?>
<!-- Generated by org.testng.reporters.JUnitReportReporter -->
<testsuite skipped="0" hostname="DESKTOP-DFDQ44H" name="com.crm.CampaignsTests.CreateCampaignsTest" tests="1" failures="0" timestamp="28 Feb 2022 04:55:55 GMT" time="48.830" errors="0">
  <testcase name="CreateCampaignstest" time="48.830" classname="com.crm.CampaignsTests.CreateCampaignsTest"/>
</testsuite> <!-- com.crm.CampaignsTests.CreateCampaignsTest -->
