<?xml version="1.0" encoding="UTF-8"?>
<!-- Generated by org.testng.reporters.JUnitReportReporter -->
<testsuite skipped="0" hostname="DESKTOP-DFDQ44H" name="com.crm.PRACTICE.PropertyfilePracties" tests="1" failures="0" timestamp="16 Feb 2022 17:34:45 GMT" time="0.039" errors="0">
  <testcase name="Propertyfile" time="0.039" classname="com.crm.PRACTICE.PropertyfilePracties"/>
</testsuite> <!-- com.crm.PRACTICE.PropertyfilePracties -->
