<?xml version="1.0" encoding="UTF-8"?>
<!-- Generated by org.testng.reporters.JUnitReportReporter -->
<testsuite skipped="0" hostname="DESKTOP-DFDQ44H" name="com.crm.ProductTests.EditingInformationforproduct" tests="1" failures="0" timestamp="22 Feb 2022 16:52:36 GMT" time="61.050" errors="0">
  <testcase name="EditingInformationforProduct" time="61.050" classname="com.crm.ProductTests.EditingInformationforproduct"/>
</testsuite> <!-- com.crm.ProductTests.EditingInformationforproduct -->
