<?xml version="1.0" encoding="UTF-8"?>
<!-- Generated by org.testng.reporters.JUnitReportReporter -->
<testsuite skipped="0" hostname="DESKTOP-DFDQ44H" name="com.crm.PRACTICE.PracticeLoginUsingPOM" tests="1" failures="0" timestamp="23 Feb 2022 14:28:08 GMT" time="19.074" errors="0">
  <testcase name="PracticeLoginUsing" time="19.074" classname="com.crm.PRACTICE.PracticeLoginUsingPOM"/>
</testsuite> <!-- com.crm.PRACTICE.PracticeLoginUsingPOM -->
