<?xml version="1.0" encoding="UTF-8"?>
<!-- Generated by org.testng.reporters.JUnitReportReporter -->
<testsuite skipped="0" hostname="DESKTOP-DFDQ44H" name="com.crm.ContactTests.CreateContactTest" tests="1" failures="0" timestamp="03 Mar 2022 09:16:18 GMT" time="33.015" errors="0">
  <testcase name="CreateContacttest" time="33.015" classname="com.crm.ContactTests.CreateContactTest"/>
</testsuite> <!-- com.crm.ContactTests.CreateContactTest -->
