<?xml version="1.0" encoding="UTF-8"?>
<!-- Generated by org.testng.reporters.JUnitReportReporter -->
<testsuite skipped="0" hostname="DESKTOP-DFDQ44H" name="com.crm.PRACTICE.Dataproviderpractice1" tests="6" failures="0" timestamp="28 Feb 2022 14:14:47 GMT" time="0.043" errors="0">
  <testcase name="Dataprovider6C2R" time="0.004" classname="com.crm.PRACTICE.Dataproviderpractice1"/>
  <testcase name="Dataprovider6C2R" time="0.001" classname="com.crm.PRACTICE.Dataproviderpractice1"/>
  <testcase name="Dataprovider6C2R" time="0.018" classname="com.crm.PRACTICE.Dataproviderpractice1"/>
  <testcase name="Dataprovider6C2R" time="0.010" classname="com.crm.PRACTICE.Dataproviderpractice1"/>
  <testcase name="Dataprovider6C2R" time="0.003" classname="com.crm.PRACTICE.Dataproviderpractice1"/>
  <testcase name="Dataprovider6C2R" time="0.007" classname="com.crm.PRACTICE.Dataproviderpractice1"/>
</testsuite> <!-- com.crm.PRACTICE.Dataproviderpractice1 -->
