<?xml version="1.0" encoding="UTF-8"?>
<!-- Generated by org.testng.reporters.JUnitReportReporter -->
<testsuite skipped="0" hostname="DESKTOP-DFDQ44H" name="com.crm.ProductTests.EditingPricingInformationforProduct" tests="1" failures="0" timestamp="20 Feb 2022 17:04:52 GMT" time="48.581" errors="0">
  <testcase name="EditingPricingInformationforproduct" time="48.581" classname="com.crm.ProductTests.EditingPricingInformationforProduct"/>
</testsuite> <!-- com.crm.ProductTests.EditingPricingInformationforProduct -->
