<?xml version="1.0" encoding="UTF-8"?>
<!-- Generated by org.testng.reporters.JUnitReportReporter -->
<testsuite skipped="0" hostname="DESKTOP-DFDQ44H" name="com.crm.PRACTICE.SelectDateXpath" tests="1" failures="0" timestamp="09 Mar 2022 09:53:58 GMT" time="40.212" errors="0">
  <testcase name="SelectDatexpath" time="40.212" classname="com.crm.PRACTICE.SelectDateXpath"/>
</testsuite> <!-- com.crm.PRACTICE.SelectDateXpath -->
