<?xml version="1.0" encoding="UTF-8"?>
<!-- Generated by org.testng.reporters.JUnitReportReporter -->
<testsuite skipped="0" hostname="DESKTOP-DFDQ44H" name="com.crm.PRACTICE.SampleJDBCVerifydata" tests="1" failures="0" timestamp="16 Feb 2022 12:36:43 GMT" time="0.391" errors="0">
  <testcase name="SampleJDBCverifydata" time="0.391" classname="com.crm.PRACTICE.SampleJDBCVerifydata"/>
</testsuite> <!-- com.crm.PRACTICE.SampleJDBCVerifydata -->
