<?xml version="1.0" encoding="UTF-8"?>
<!-- Generated by org.testng.reporters.JUnitReportReporter -->
<testsuite skipped="0" hostname="DESKTOP-DFDQ44H" name="com.crm.PRACTICE.WebTableXpath2" tests="1" failures="0" timestamp="09 Mar 2022 04:10:37 GMT" time="19.502" errors="0">
  <testcase name="WebTableXpath" time="19.502" classname="com.crm.PRACTICE.WebTableXpath2"/>
</testsuite> <!-- com.crm.PRACTICE.WebTableXpath2 -->
