<?xml version="1.0" encoding="UTF-8"?>
<!-- Generated by org.testng.reporters.JUnitReportReporter -->
<testsuite skipped="0" hostname="DESKTOP-DFDQ44H" name="com.crm.PRACTICE.ReadDataFromCmdLine" tests="1" failures="0" timestamp="17 Feb 2022 07:36:00 GMT" time="0.016" errors="0">
  <testcase name="ReadDatafromCmdLine" time="0.016" classname="com.crm.PRACTICE.ReadDataFromCmdLine"/>
</testsuite> <!-- com.crm.PRACTICE.ReadDataFromCmdLine -->
