<?xml version="1.0" encoding="UTF-8"?>
<!-- Generated by org.testng.reporters.JUnitReportReporter -->
<testsuite skipped="0" hostname="DESKTOP-DFDQ44H" name="com.crm.ProductTests.EditingProductImageInformationforproduct" tests="1" failures="0" timestamp="21 Feb 2022 05:03:25 GMT" time="43.150" errors="0">
  <testcase name="EditingProductImageInformationforProduct" time="43.150" classname="com.crm.ProductTests.EditingProductImageInformationforproduct"/>
</testsuite> <!-- com.crm.ProductTests.EditingProductImageInformationforproduct -->
