<?xml version="1.0" encoding="UTF-8"?>
<!-- Generated by org.testng.reporters.JUnitReportReporter -->
<testsuite skipped="0" hostname="DESKTOP-DFDQ44H" name="com.crm.PRACTICE.DataproviderPractice" tests="4" failures="0" timestamp="28 Feb 2022 10:06:16 GMT" time="0.016" errors="0">
  <testcase name="DataproviderPractice4R3C" time="0.000" classname="com.crm.PRACTICE.DataproviderPractice"/>
  <testcase name="DataproviderPractice4R3C" time="0.000" classname="com.crm.PRACTICE.DataproviderPractice"/>
  <testcase name="DataproviderPractice4R3C" time="0.016" classname="com.crm.PRACTICE.DataproviderPractice"/>
  <testcase name="DataproviderPractice4R3C" time="0.000" classname="com.crm.PRACTICE.DataproviderPractice"/>
</testsuite> <!-- com.crm.PRACTICE.DataproviderPractice -->
