<?xml version="1.0" encoding="UTF-8"?>
<!-- Generated by org.testng.reporters.JUnitReportReporter -->
<testsuite skipped="0" hostname="DESKTOP-DFDQ44H" name="com.crm.PRACTICE.WebTableXpath1" tests="1" failures="0" timestamp="09 Mar 2022 04:08:16 GMT" time="20.008" errors="0">
  <testcase name="WebTableXpath" time="20.008" classname="com.crm.PRACTICE.WebTableXpath1"/>
</testsuite> <!-- com.crm.PRACTICE.WebTableXpath1 -->
