<?xml version="1.0" encoding="UTF-8"?>
<!-- Generated by org.testng.reporters.JUnitReportReporter -->
<testsuite skipped="0" hostname="DESKTOP-DFDQ44H" name="com.crm.PRACTICE.WebTableXpath3" tests="1" failures="0" timestamp="08 Mar 2022 17:17:18 GMT" time="21.772" errors="0">
  <testcase name="WebTableXpath" time="21.772" classname="com.crm.PRACTICE.WebTableXpath3"/>
</testsuite> <!-- com.crm.PRACTICE.WebTableXpath3 -->
