<?xml version="1.0" encoding="UTF-8"?>
<!-- Generated by org.testng.reporters.JUnitReportReporter -->
<testsuite skipped="0" hostname="DESKTOP-DFDQ44H" name="com.crm.ContactTests.ContactPortalInformationModule" tests="1" failures="0" timestamp="27 Feb 2022 15:46:59 GMT" time="51.917" errors="0">
  <testcase name="ContactPortalInformationmodule" time="51.917" classname="com.crm.ContactTests.ContactPortalInformationModule"/>
</testsuite> <!-- com.crm.ContactTests.ContactPortalInformationModule -->
