<?xml version="1.0" encoding="UTF-8"?>
<!-- Generated by org.testng.reporters.JUnitReportReporter -->
<testsuite skipped="0" hostname="DESKTOP-DFDQ44H" name="com.crm.OraganizationTests.CreateOrgTest" tests="1" failures="0" timestamp="17 Mar 2022 12:10:13 GMT" time="20.207" errors="0">
  <testcase name="CreateOrgtest" time="20.207" classname="com.crm.OraganizationTests.CreateOrgTest"/>
</testsuite> <!-- com.crm.OraganizationTests.CreateOrgTest -->
