<?xml version="1.0" encoding="UTF-8"?>
<!-- Generated by org.testng.reporters.JUnitReportReporter -->
<testsuite skipped="0" hostname="DESKTOP-DFDQ44H" name="com.crm.PRACTICE.DebugPractice" tests="1" failures="0" timestamp="18 Mar 2022 06:49:19 GMT" time="0.017" errors="0">
  <testcase name="demo" time="0.017" classname="com.crm.PRACTICE.DebugPractice"/>
</testsuite> <!-- com.crm.PRACTICE.DebugPractice -->
