<?xml version="1.0" encoding="UTF-8"?>
<!-- Generated by org.testng.reporters.JUnitReportReporter -->
<testsuite skipped="0" hostname="DESKTOP-DFDQ44H" name="com.crm.ContactTests.ContactwithMultipleData" tests="10" failures="0" timestamp="01 Mar 2022 04:27:19 GMT" time="250.078" errors="0">
  <testcase name="createOrgWithMltipleData" time="28.142" classname="com.crm.ContactTests.ContactwithMultipleData"/>
  <testcase name="createOrgWithMltipleData" time="24.863" classname="com.crm.ContactTests.ContactwithMultipleData"/>
  <testcase name="createOrgWithMltipleData" time="25.231" classname="com.crm.ContactTests.ContactwithMultipleData"/>
  <testcase name="createOrgWithMltipleData" time="24.609" classname="com.crm.ContactTests.ContactwithMultipleData"/>
  <testcase name="createOrgWithMltipleData" time="23.830" classname="com.crm.ContactTests.ContactwithMultipleData"/>
  <testcase name="createOrgWithMltipleData" time="24.552" classname="com.crm.ContactTests.ContactwithMultipleData"/>
  <testcase name="createOrgWithMltipleData" time="24.873" classname="com.crm.ContactTests.ContactwithMultipleData"/>
  <testcase name="createOrgWithMltipleData" time="24.534" classname="com.crm.ContactTests.ContactwithMultipleData"/>
  <testcase name="createOrgWithMltipleData" time="24.149" classname="com.crm.ContactTests.ContactwithMultipleData"/>
  <testcase name="createOrgWithMltipleData" time="25.295" classname="com.crm.ContactTests.ContactwithMultipleData"/>
</testsuite> <!-- com.crm.ContactTests.ContactwithMultipleData -->
