<?xml version="1.0" encoding="UTF-8"?>
<!-- Generated by org.testng.reporters.JUnitReportReporter -->
<testsuite skipped="0" hostname="DESKTOP-DFDQ44H" name="com.crm.OraganizationTests.CreateOraganizationWithPropertyFile" tests="1" failures="0" timestamp="16 Feb 2022 18:21:39 GMT" time="21.722" errors="0">
  <testcase name="CreateoraganizationWithPropertyFile" time="21.722" classname="com.crm.OraganizationTests.CreateOraganizationWithPropertyFile"/>
</testsuite> <!-- com.crm.OraganizationTests.CreateOraganizationWithPropertyFile -->
