<?xml version="1.0" encoding="UTF-8"?>
<!-- Generated by org.testng.reporters.JUnitReportReporter -->
<testsuite skipped="0" hostname="DESKTOP-DFDQ44H" name="com.crm.PRACTICE.WebTableXpath4" tests="1" failures="0" timestamp="08 Mar 2022 17:53:52 GMT" time="15.557" errors="0">
  <testcase name="WebTableXpath" time="15.557" classname="com.crm.PRACTICE.WebTableXpath4"/>
</testsuite> <!-- com.crm.PRACTICE.WebTableXpath4 -->
