<?xml version="1.0" encoding="UTF-8"?>
<!-- Generated by org.testng.reporters.JUnitReportReporter -->
<testsuite skipped="0" hostname="DESKTOP-DFDQ44H" name="com.crm.ProductTests.CreatingDescriptionInformationforproduct" tests="1" failures="0" timestamp="27 Feb 2022 16:24:01 GMT" time="25.718" errors="0">
  <testcase name="CreatingDescriptionInformationForproduct" time="25.718" classname="com.crm.ProductTests.CreatingDescriptionInformationforproduct"/>
</testsuite> <!-- com.crm.ProductTests.CreatingDescriptionInformationforproduct -->
