<?xml version="1.0" encoding="UTF-8"?>
<!-- Generated by org.testng.reporters.JUnitReportReporter -->
<testsuite skipped="0" hostname="DESKTOP-DFDQ44H" name="com.crm.OraganizationTests.CreateOrgWithMultipleDataTest" tests="7" failures="0" timestamp="28 Feb 2022 14:49:11 GMT" time="228.887" errors="0">
  <testcase name="createOrgWithMltipleData" time="44.145" classname="com.crm.OraganizationTests.CreateOrgWithMultipleDataTest"/>
  <testcase name="createOrgWithMltipleData" time="28.853" classname="com.crm.OraganizationTests.CreateOrgWithMultipleDataTest"/>
  <testcase name="createOrgWithMltipleData" time="29.138" classname="com.crm.OraganizationTests.CreateOrgWithMultipleDataTest"/>
  <testcase name="createOrgWithMltipleData" time="32.942" classname="com.crm.OraganizationTests.CreateOrgWithMultipleDataTest"/>
  <testcase name="createOrgWithMltipleData" time="34.157" classname="com.crm.OraganizationTests.CreateOrgWithMultipleDataTest"/>
  <testcase name="createOrgWithMltipleData" time="29.958" classname="com.crm.OraganizationTests.CreateOrgWithMultipleDataTest"/>
  <testcase name="createOrgWithMltipleData" time="29.694" classname="com.crm.OraganizationTests.CreateOrgWithMultipleDataTest"/>
</testsuite> <!-- com.crm.OraganizationTests.CreateOrgWithMultipleDataTest -->
