<?xml version="1.0" encoding="UTF-8"?>
<!-- Generated by org.testng.reporters.JUnitReportReporter -->
<testsuite skipped="0" hostname="DESKTOP-DFDQ44H" name="com.crm.PRACTICE.SampleJDBCExcuteUpdate" tests="1" failures="0" timestamp="16 Feb 2022 09:24:51 GMT" time="0.405" errors="0">
  <testcase name="SampleJDBCExcuteUpdate" time="0.405" classname="com.crm.PRACTICE.SampleJDBCExcuteUpdate"/>
</testsuite> <!-- com.crm.PRACTICE.SampleJDBCExcuteUpdate -->
