<?xml version="1.0" encoding="UTF-8"?>
<!-- Generated by org.testng.reporters.JUnitReportReporter -->
<testsuite skipped="0" hostname="DESKTOP-DFDQ44H" name="com.crm.PRACTICE.ReadDataFromSuiteXmlFileTest" tests="1" failures="0" timestamp="17 Feb 2022 15:05:41 GMT" time="0.021" errors="0">
  <testcase name="eadDataFromSuiteXmlFile" time="0.021" classname="com.crm.PRACTICE.ReadDataFromSuiteXmlFileTest"/>
</testsuite> <!-- com.crm.PRACTICE.ReadDataFromSuiteXmlFileTest -->
