<?xml version="1.0" encoding="UTF-8"?>
<!-- Generated by org.testng.reporters.JUnitReportReporter -->
<testsuite skipped="0" hostname="DESKTOP-DFDQ44H" name="com.crm.OpportunitiesTests.OpportunitiesEndToEndScenario" tests="1" failures="0" timestamp="23 Feb 2022 05:21:00 GMT" time="74.859" errors="0">
  <testcase name="OpportunitiesEndToEndscenario" time="74.859" classname="com.crm.OpportunitiesTests.OpportunitiesEndToEndScenario"/>
</testsuite> <!-- com.crm.OpportunitiesTests.OpportunitiesEndToEndScenario -->
