<?xml version="1.0" encoding="UTF-8"?>
<!-- Generated by org.testng.reporters.JUnitReportReporter -->
<testsuite skipped="0" hostname="DESKTOP-DFDQ44H" name="com.crm.PRACTICE.PractiesforGenericutils" tests="1" failures="0" timestamp="21 Feb 2022 08:17:03 GMT" time="0.051" errors="0">
  <testcase name="practies" time="0.051" classname="com.crm.PRACTICE.PractiesforGenericutils"/>
</testsuite> <!-- com.crm.PRACTICE.PractiesforGenericutils -->
