<?xml version="1.0" encoding="UTF-8"?>
<!-- Generated by org.testng.reporters.JUnitReportReporter -->
<testsuite skipped="0" hostname="DESKTOP-DFDQ44H" name="com.crm.PRACTICE.ReadDataFromCmdLineTest" tests="1" failures="0" timestamp="08 Mar 2022 15:38:37 GMT" time="0.024" errors="0">
  <testcase name="ReadDatafromCmdLine" time="0.024" classname="com.crm.PRACTICE.ReadDataFromCmdLineTest"/>
</testsuite> <!-- com.crm.PRACTICE.ReadDataFromCmdLineTest -->
