<?xml version="1.0" encoding="UTF-8"?>
<!-- Generated by org.testng.reporters.JUnitReportReporter -->
<testsuite skipped="0" hostname="DESKTOP-DFDQ44H" name="com.crm.PRACTICE.ReadDataFromExcelSheetTest" tests="1" failures="0" timestamp="17 Feb 2022 11:11:15 GMT" time="0.859" errors="0">
  <testcase name="ReadDatafromExcelSheetTest" time="0.859" classname="com.crm.PRACTICE.ReadDataFromExcelSheetTest"/>
</testsuite> <!-- com.crm.PRACTICE.ReadDataFromExcelSheetTest -->
